[2026-01-27 01:30:18.655] [http-nio-8081-exec-2] ========== 정산 배치 파일 리다이렉션 시작 ==========
[2026-01-27 01:30:18.657] [http-nio-8081-exec-2] >>> 정산 대상 월 (Param): 2025-12-01
[2026-01-27 01:30:23.115] [billing-thread-2] --- [Step 시작] workerStep:partition0 ---
[2026-01-27 01:30:23.165] [billing-thread-7] --- [Step 시작] workerStep:partition4 ---
[2026-01-27 01:30:23.206] [billing-thread-6] --- [Step 시작] workerStep:partition9 ---
[2026-01-27 01:30:23.247] [billing-thread-3] --- [Step 시작] workerStep:partition3 ---
[2026-01-27 01:30:23.286] [billing-thread-1] --- [Step 시작] workerStep:partition1 ---
[2026-01-27 01:30:23.321] [billing-thread-8] --- [Step 시작] workerStep:partition7 ---
[2026-01-27 01:30:23.332] [billing-thread-10] --- [Step 시작] workerStep:partition8 ---
[2026-01-27 01:30:23.370] [billing-thread-9] --- [Step 시작] workerStep:partition2 ---
[2026-01-27 01:30:23.378] [billing-thread-4] --- [Step 시작] workerStep:partition5 ---
[2026-01-27 01:30:23.427] [billing-thread-5] --- [Step 시작] workerStep:partition6 ---
[2026-01-27 01:33:20.400] [billing-thread-10] --- [Step 종료] workerStep:partition8 ---
[2026-01-27 01:33:20.404] [billing-thread-3] --- [Step 종료] workerStep:partition3 ---
[2026-01-27 01:33:20.404] [billing-thread-2] --- [Step 종료] workerStep:partition0 ---
[2026-01-27 01:33:20.404] [billing-thread-2] - 최종 상태: COMPLETED
[2026-01-27 01:33:20.404] [billing-thread-8] --- [Step 종료] workerStep:partition7 ---
[2026-01-27 01:33:20.405] [billing-thread-3] - 최종 상태: COMPLETED
[2026-01-27 01:33:20.405] [billing-thread-10] - 최종 상태: COMPLETED
[2026-01-27 01:33:20.405] [billing-thread-8] - 최종 상태: COMPLETED
[2026-01-27 01:33:20.437] [billing-thread-1] --- [Step 종료] workerStep:partition1 ---
[2026-01-27 01:33:20.437] [billing-thread-1] - 최종 상태: COMPLETED
[2026-01-27 01:33:20.468] [billing-thread-7] --- [Step 종료] workerStep:partition4 ---
[2026-01-27 01:33:20.468] [billing-thread-7] - 최종 상태: COMPLETED
[2026-01-27 01:33:20.478] [billing-thread-7] - 읽기 건수: 100003
[2026-01-27 01:33:20.479] [billing-thread-1] - 읽기 건수: 100003
[2026-01-27 01:33:20.479] [billing-thread-7] - 쓰기 성공: 100003
[2026-01-27 01:33:20.479] [billing-thread-1] - 쓰기 성공: 100003
[2026-01-27 01:33:20.479] [billing-thread-2] - 읽기 건수: 100003
[2026-01-27 01:33:20.479] [billing-thread-1] - 스킵 건수: 0
[2026-01-27 01:33:20.479] [billing-thread-8] - 읽기 건수: 100003
[2026-01-27 01:33:20.479] [billing-thread-8] - 쓰기 성공: 100003
[2026-01-27 01:33:20.479] [billing-thread-8] - 스킵 건수: 0
[2026-01-27 01:33:20.480] [billing-thread-3] - 읽기 건수: 100003
[2026-01-27 01:33:20.481] [billing-thread-3] - 쓰기 성공: 100003
[2026-01-27 01:33:20.481] [billing-thread-3] - 스킵 건수: 0
[2026-01-27 01:33:20.481] [billing-thread-10] - 읽기 건수: 100003
[2026-01-27 01:33:20.481] [billing-thread-10] - 쓰기 성공: 100003
[2026-01-27 01:33:20.481] [billing-thread-2] - 쓰기 성공: 100003
[2026-01-27 01:33:20.481] [billing-thread-7] - 스킵 건수: 0
[2026-01-27 01:33:20.481] [billing-thread-10] - 스킵 건수: 0
[2026-01-27 01:33:20.481] [billing-thread-2] - 스킵 건수: 0
[2026-01-27 01:33:20.508] [billing-thread-5] --- [Step 종료] workerStep:partition6 ---
[2026-01-27 01:33:20.508] [billing-thread-5] - 최종 상태: COMPLETED
[2026-01-27 01:33:20.509] [billing-thread-5] - 읽기 건수: 100003
[2026-01-27 01:33:20.509] [billing-thread-5] - 쓰기 성공: 100003
[2026-01-27 01:33:20.509] [billing-thread-5] - 스킵 건수: 0
[2026-01-27 01:33:20.518] [billing-thread-4] --- [Step 종료] workerStep:partition5 ---
[2026-01-27 01:33:20.518] [billing-thread-4] - 최종 상태: COMPLETED
[2026-01-27 01:33:20.518] [billing-thread-4] - 읽기 건수: 100003
[2026-01-27 01:33:20.518] [billing-thread-4] - 쓰기 성공: 100003
[2026-01-27 01:33:20.518] [billing-thread-4] - 스킵 건수: 0
[2026-01-27 01:33:21.718] [billing-thread-9] --- [Step 종료] workerStep:partition2 ---
[2026-01-27 01:33:21.718] [billing-thread-9] - 최종 상태: COMPLETED
[2026-01-27 01:33:21.718] [billing-thread-9] - 읽기 건수: 100003
[2026-01-27 01:33:21.718] [billing-thread-9] - 쓰기 성공: 100003
[2026-01-27 01:33:21.719] [billing-thread-9] - 스킵 건수: 0
[2026-01-27 01:33:23.819] [billing-thread-6] --- [Step 종료] workerStep:partition9 ---
[2026-01-27 01:33:23.819] [billing-thread-6] - 최종 상태: COMPLETED
[2026-01-27 01:33:23.819] [billing-thread-6] - 읽기 건수: 99988
[2026-01-27 01:33:23.820] [billing-thread-6] - 쓰기 성공: 99973
[2026-01-27 01:33:23.820] [billing-thread-6] - 스킵 건수: 15
[2026-01-27 01:33:24.476] [http-nio-8081-exec-2] >>> [AfterJob] 최종 실행 상태 : exitCode=COMPLETED;exitDescription=
[2026-01-27 01:33:24.476] [http-nio-8081-exec-2] ========== 정산 배치 파일 리다이렉션 종료 ==========
