[2026-01-27 01:58:15.912] [http-nio-8081-exec-4] ========== 정산 배치 파일 리다이렉션 시작 ==========
[2026-01-27 01:58:15.918] [http-nio-8081-exec-4] >>> 정산 대상 월 (Param): 2025-12-01
[2026-01-27 01:58:19.936] [billing-thread-8] --- [Step 시작] workerStep:partition0 ---
[2026-01-27 01:58:19.937] [billing-thread-3] --- [Step 시작] workerStep:partition1 ---
[2026-01-27 01:58:19.969] [billing-thread-6] --- [Step 시작] workerStep:partition9 ---
[2026-01-27 01:58:19.979] [billing-thread-5] --- [Step 시작] workerStep:partition3 ---
[2026-01-27 01:58:19.992] [billing-thread-2] --- [Step 시작] workerStep:partition2 ---
[2026-01-27 01:58:20.030] [billing-thread-4] --- [Step 시작] workerStep:partition5 ---
[2026-01-27 01:58:20.031] [billing-thread-10] --- [Step 시작] workerStep:partition8 ---
[2026-01-27 01:58:20.042] [billing-thread-1] --- [Step 시작] workerStep:partition6 ---
[2026-01-27 01:58:20.053] [billing-thread-9] --- [Step 시작] workerStep:partition7 ---
[2026-01-27 01:58:20.065] [billing-thread-7] --- [Step 시작] workerStep:partition4 ---
[2026-01-27 02:03:26.760] [billing-thread-5] --- [Step 종료] workerStep:partition3 ---
[2026-01-27 02:03:26.774] [billing-thread-1] --- [Step 종료] workerStep:partition6 ---
[2026-01-27 02:03:26.775] [billing-thread-4] --- [Step 종료] workerStep:partition5 ---
[2026-01-27 02:03:26.777] [billing-thread-1] - 최종 상태: COMPLETED
[2026-01-27 02:03:26.777] [billing-thread-4] - 최종 상태: COMPLETED
[2026-01-27 02:03:26.777] [billing-thread-5] - 최종 상태: COMPLETED
[2026-01-27 02:03:26.869] [billing-thread-4] - 읽기 건수: 100003
[2026-01-27 02:03:26.869] [billing-thread-1] - 읽기 건수: 100003
[2026-01-27 02:03:26.870] [billing-thread-4] - 쓰기 성공: 100003
[2026-01-27 02:03:26.870] [billing-thread-5] - 읽기 건수: 100003
[2026-01-27 02:03:26.870] [billing-thread-4] - 스킵 건수: 0
[2026-01-27 02:03:26.870] [billing-thread-1] - 쓰기 성공: 100003
[2026-01-27 02:03:26.870] [billing-thread-5] - 쓰기 성공: 100003
[2026-01-27 02:03:26.871] [billing-thread-1] - 스킵 건수: 0
[2026-01-27 02:03:26.871] [billing-thread-5] - 스킵 건수: 0
[2026-01-27 02:03:26.873] [billing-thread-9] --- [Step 종료] workerStep:partition7 ---
[2026-01-27 02:03:26.874] [billing-thread-9] - 최종 상태: COMPLETED
[2026-01-27 02:03:26.874] [billing-thread-9] - 읽기 건수: 100003
[2026-01-27 02:03:26.874] [billing-thread-9] - 쓰기 성공: 100003
[2026-01-27 02:03:26.874] [billing-thread-9] - 스킵 건수: 0
[2026-01-27 02:03:28.281] [billing-thread-8] --- [Step 종료] workerStep:partition0 ---
[2026-01-27 02:03:28.281] [billing-thread-8] - 최종 상태: COMPLETED
[2026-01-27 02:03:28.281] [billing-thread-8] - 읽기 건수: 100003
[2026-01-27 02:03:28.281] [billing-thread-8] - 쓰기 성공: 100003
[2026-01-27 02:03:28.283] [billing-thread-8] - 스킵 건수: 0
[2026-01-27 02:03:30.112] [billing-thread-10] --- [Step 종료] workerStep:partition8 ---
[2026-01-27 02:03:30.112] [billing-thread-10] - 최종 상태: COMPLETED
[2026-01-27 02:03:30.112] [billing-thread-10] - 읽기 건수: 100003
[2026-01-27 02:03:30.113] [billing-thread-10] - 쓰기 성공: 100003
[2026-01-27 02:03:30.113] [billing-thread-10] - 스킵 건수: 0
[2026-01-27 02:03:31.658] [billing-thread-7] --- [Step 종료] workerStep:partition4 ---
[2026-01-27 02:03:31.658] [billing-thread-7] - 최종 상태: COMPLETED
[2026-01-27 02:03:31.658] [billing-thread-7] - 읽기 건수: 100003
[2026-01-27 02:03:31.658] [billing-thread-7] - 쓰기 성공: 100003
[2026-01-27 02:03:31.658] [billing-thread-7] - 스킵 건수: 0
[2026-01-27 02:03:34.558] [billing-thread-2] --- [Step 종료] workerStep:partition2 ---
[2026-01-27 02:03:34.558] [billing-thread-2] - 최종 상태: COMPLETED
[2026-01-27 02:03:34.558] [billing-thread-2] - 읽기 건수: 100003
[2026-01-27 02:03:34.558] [billing-thread-2] - 쓰기 성공: 100003
[2026-01-27 02:03:34.559] [billing-thread-2] - 스킵 건수: 0
[2026-01-27 02:03:34.718] [billing-thread-3] --- [Step 종료] workerStep:partition1 ---
[2026-01-27 02:03:34.719] [billing-thread-3] - 최종 상태: COMPLETED
[2026-01-27 02:03:34.719] [billing-thread-3] - 읽기 건수: 100003
[2026-01-27 02:03:34.720] [billing-thread-3] - 쓰기 성공: 100003
[2026-01-27 02:03:34.720] [billing-thread-3] - 스킵 건수: 0
[2026-01-27 02:03:36.343] [billing-thread-6] --- [Step 종료] workerStep:partition9 ---
[2026-01-27 02:03:36.343] [billing-thread-6] - 최종 상태: COMPLETED
[2026-01-27 02:03:36.343] [billing-thread-6] - 읽기 건수: 99988
[2026-01-27 02:03:36.343] [billing-thread-6] - 쓰기 성공: 99973
[2026-01-27 02:03:36.343] [billing-thread-6] - 스킵 건수: 15
[2026-01-27 02:03:37.011] [http-nio-8081-exec-4] >>> [AfterJob] 최종 실행 상태 : exitCode=COMPLETED;exitDescription=
[2026-01-27 02:03:37.011] [http-nio-8081-exec-4] ========== 정산 배치 파일 리다이렉션 종료 ==========
